2025-04-16 21:09:02 ERROR [inventory-api:AuthUtils]: Failed to blacklist token: Token validation failed: type: Path `type` is required. 
ValidationError: Token validation failed: type: Path `type` is required.
    at Document.invalidate (C:\Users\PC\OneDrive\Documents\BYU\Pathway\cse341 classwork\week-04\cse341-final-project-team-14\node_modules\mongoose\lib\document.js:3329:32)
    at C:\Users\PC\OneDrive\Documents\BYU\Pathway\cse341 classwork\week-04\cse341-final-project-team-14\node_modules\mongoose\lib\document.js:3090:17
    at C:\Users\PC\OneDrive\Documents\BYU\Pathway\cse341 classwork\week-04\cse341-final-project-team-14\node_modules\mongoose\lib\schemaType.js:1407:9
    at process.processTicksAndRejections (node:internal/process/task_queues:85:11)
2025-04-16 21:18:25 ERROR [inventory-api:AuthUtils]: Failed to blacklist token: E11000 duplicate key error collection: team_14_final_project.tokens index: token_1 dup key: { token: "eyJhbGciOiJIUzI1NiIsInR5cCI6IkpXVCJ9.eyJzdWIiOiI2N2ZmYjE2YzNhYThiZmM0OWE1ZGQxZjciLCJ1c2VySWQiOiJVU1ItMDAwMDkiLCJlbWFpbCI6Im9sd2FsZ2VvcmdlMTVAZ21haWwuY..." } 
MongoServerError: E11000 duplicate key error collection: team_14_final_project.tokens index: token_1 dup key: { token: "eyJhbGciOiJIUzI1NiIsInR5cCI6IkpXVCJ9.eyJzdWIiOiI2N2ZmYjE2YzNhYThiZmM0OWE1ZGQxZjciLCJ1c2VySWQiOiJVU1ItMDAwMDkiLCJlbWFpbCI6Im9sd2FsZ2VvcmdlMTVAZ21haWwuY..." }
    at InsertOneOperation.execute (C:\Users\PC\OneDrive\Documents\BYU\Pathway\cse341 classwork\week-04\cse341-final-project-team-14\node_modules\mongodb\lib\operations\insert.js:51:19)
    at process.processTicksAndRejections (node:internal/process/task_queues:105:5)
    at async tryOperation (C:\Users\PC\OneDrive\Documents\BYU\Pathway\cse341 classwork\week-04\cse341-final-project-team-14\node_modules\mongodb\lib\operations\execute_operation.js:207:20)
    at async executeOperation (C:\Users\PC\OneDrive\Documents\BYU\Pathway\cse341 classwork\week-04\cse341-final-project-team-14\node_modules\mongodb\lib\operations\execute_operation.js:75:16)
    at async Collection.insertOne (C:\Users\PC\OneDrive\Documents\BYU\Pathway\cse341 classwork\week-04\cse341-final-project-team-14\node_modules\mongodb\lib\collection.js:157:16)
2025-04-16 21:18:51 ERROR [inventory-api:ErrorMiddleware]: Error caught in middleware: DatabaseError - User not found 
2025-04-16 21:31:33 ERROR [inventory-api:ErrorMiddleware]: Error caught in middleware: AuthError - Token has been invalidated. Please log in again. 
2025-04-16 21:36:40 ERROR [inventory-api:ErrorMiddleware]: Error caught in middleware: AuthError - Token has been invalidated. Please log in again. 
2025-04-16 21:59:08 ERROR [inventory-api:Database]: Could not connect to any servers in your MongoDB Atlas cluster. One common reason is that you're trying to access the database from an IP that isn't whitelisted. Make sure your current IP address is on your Atlas cluster's IP whitelist: https://www.mongodb.com/docs/atlas/security-whitelist/ 
MongooseServerSelectionError: Could not connect to any servers in your MongoDB Atlas cluster. One common reason is that you're trying to access the database from an IP that isn't whitelisted. Make sure your current IP address is on your Atlas cluster's IP whitelist: https://www.mongodb.com/docs/atlas/security-whitelist/
    at _handleConnectionErrors (C:\Users\PC\OneDrive\Documents\BYU\Pathway\cse341 classwork\week-04\cse341-final-project-team-14\node_modules\mongoose\lib\connection.js:1165:11)
    at NativeConnection.openUri (C:\Users\PC\OneDrive\Documents\BYU\Pathway\cse341 classwork\week-04\cse341-final-project-team-14\node_modules\mongoose\lib\connection.js:1096:11)
    at async C:\Users\PC\OneDrive\Documents\BYU\Pathway\cse341 classwork\week-04\cse341-final-project-team-14\src\config\database.js:46:22
2025-04-16 21:59:08 ERROR [inventory-api:App]: Could not connect to any servers in your MongoDB Atlas cluster. One common reason is that you're trying to access the database from an IP that isn't whitelisted. Make sure your current IP address is on your Atlas cluster's IP whitelist: https://www.mongodb.com/docs/atlas/security-whitelist/ 
MongooseServerSelectionError: Could not connect to any servers in your MongoDB Atlas cluster. One common reason is that you're trying to access the database from an IP that isn't whitelisted. Make sure your current IP address is on your Atlas cluster's IP whitelist: https://www.mongodb.com/docs/atlas/security-whitelist/
    at _handleConnectionErrors (C:\Users\PC\OneDrive\Documents\BYU\Pathway\cse341 classwork\week-04\cse341-final-project-team-14\node_modules\mongoose\lib\connection.js:1165:11)
    at NativeConnection.openUri (C:\Users\PC\OneDrive\Documents\BYU\Pathway\cse341 classwork\week-04\cse341-final-project-team-14\node_modules\mongoose\lib\connection.js:1096:11)
    at async C:\Users\PC\OneDrive\Documents\BYU\Pathway\cse341 classwork\week-04\cse341-final-project-team-14\src\config\database.js:46:22
2025-04-16 22:07:18 ERROR [inventory-api:ErrorMiddleware]: Error caught in middleware: AuthError - Token has been invalidated. Please log in again. 
2025-04-16 22:29:49 ERROR [inventory-api:Server]: Uncaught exception: Cannot read properties of undefined (reading 'regenerate') 
TypeError: Cannot read properties of undefined (reading 'regenerate')
    at C:\Users\PC\OneDrive\Documents\BYU\Pathway\cse341 classwork\week-04\cse341-final-project-team-14\node_modules\passport\lib\sessionmanager.js:83:17
    at C:\Users\PC\OneDrive\Documents\BYU\Pathway\cse341 classwork\week-04\cse341-final-project-team-14\node_modules\connect-mongodb-session\index.js:222:44
    at process.processTicksAndRejections (node:internal/process/task_queues:85:11)
2025-04-16 22:31:08 ERROR [inventory-api:Server]: Uncaught exception: Cannot read properties of undefined (reading 'regenerate') 
TypeError: Cannot read properties of undefined (reading 'regenerate')
    at C:\Users\PC\OneDrive\Documents\BYU\Pathway\cse341 classwork\week-04\cse341-final-project-team-14\node_modules\passport\lib\sessionmanager.js:83:17
    at C:\Users\PC\OneDrive\Documents\BYU\Pathway\cse341 classwork\week-04\cse341-final-project-team-14\node_modules\connect-mongodb-session\index.js:222:44
    at process.processTicksAndRejections (node:internal/process/task_queues:85:11)
2025-04-16 22:52:35 ERROR [inventory-api:ErrorMiddleware]: Error caught in middleware: AuthError - You do not have permission to access this resource. Required role: ADMIN or MANAGER 
2025-04-17 10:02:52 ERROR [inventory-api:Middleware:Auth]: Authentication error: Token has been revoked. Please log in again. 
AuthError: Token has been revoked. Please log in again.
    at AuthError.unauthorized (C:\Users\PC\OneDrive\Documents\BYU\Pathway\cse341 classwork\week-04\cse341-final-project-team-14\src\utils\errors.js:139:12)
    at verifyToken (C:\Users\PC\OneDrive\Documents\BYU\Pathway\cse341 classwork\week-04\cse341-final-project-team-14\src\auth\jwt.js:48:23)
    at process.processTicksAndRejections (node:internal/process/task_queues:105:5)
    at async authenticate (C:\Users\PC\OneDrive\Documents\BYU\Pathway\cse341 classwork\week-04\cse341-final-project-team-14\src\middlewares\auth.middleware.js:30:21)
2025-04-17 10:02:52 ERROR [inventory-api:ErrorMiddleware]: Error caught in middleware: AuthError - Authentication failed. 
2025-04-17 10:04:21 ERROR [inventory-api:ErrorMiddleware]: Error caught in middleware: AuthError - You do not have permission to access this resource. Required role: ADMIN or MANAGER 
2025-04-17 10:06:01 ERROR [inventory-api:Middleware:Auth]: Authentication error: Token has been revoked. Please log in again. 
AuthError: Token has been revoked. Please log in again.
    at AuthError.unauthorized (C:\Users\PC\OneDrive\Documents\BYU\Pathway\cse341 classwork\week-04\cse341-final-project-team-14\src\utils\errors.js:139:12)
    at verifyToken (C:\Users\PC\OneDrive\Documents\BYU\Pathway\cse341 classwork\week-04\cse341-final-project-team-14\src\auth\jwt.js:48:23)
    at process.processTicksAndRejections (node:internal/process/task_queues:105:5)
    at async authenticate (C:\Users\PC\OneDrive\Documents\BYU\Pathway\cse341 classwork\week-04\cse341-final-project-team-14\src\middlewares\auth.middleware.js:30:21)
2025-04-17 10:06:01 ERROR [inventory-api:ErrorMiddleware]: Error caught in middleware: AuthError - Authentication failed. 
2025-04-17 10:57:06 ERROR [inventory-api:ErrorMiddleware]: Error caught in middleware: AuthError - You do not have permission to access this resource. Required role: ADMIN or MANAGER 
